This is pdfTeX, Version 3.141592653-2.6-1.40.27 (TeX Live 2025/Termux) (preloaded format=pdflatex 2026.2.17)  17 FEB 2026 12:42
entering extended mode
 restricted \write18 enabled.
 %&-line parsing enabled.
**main.tex
(./main.tex
LaTeX2e <2025-11-01>
L3 programming layer <2026-01-19>

(/data/data/com.termux/files/usr/share/texlive/2025/texmf-dist/tex/latex/base/a
rticle.cls
Document Class: article 2025/01/22 v1.4n Standard LaTeX document class

(/data/data/com.termux/files/usr/share/texlive/2025/texmf-dist/tex/latex/base/s
ize10.clo
File: size10.clo 2025/01/22 v1.4n Standard LaTeX file (size option)
)
\c@part=\count275
\c@section=\count276
\c@subsection=\count277
\c@subsubsection=\count278
\c@paragraph=\count279
\c@subparagraph=\count280
\c@figure=\count281
\c@table=\count282
\abovecaptionskip=\skip49
\belowcaptionskip=\skip50
\bibindent=\dimen148
)
(/data/data/com.termux/files/usr/share/texlive/2025/texmf-dist/tex/latex/graphi
cs/graphicx.sty
Package: graphicx 2024/12/31 v1.2e Enhanced LaTeX Graphics (DPC,SPQR)

(/data/data/com.termux/files/usr/share/texlive/2025/texmf-dist/tex/latex/graphi
cs/keyval.sty
Package: keyval 2022/05/29 v1.15 key=value parser (DPC)
\KV@toks@=\toks17
)
(/data/data/com.termux/files/usr/share/texlive/2025/texmf-dist/tex/latex/graphi
cs/graphics.sty
Package: graphics 2024/08/06 v1.4g Standard LaTeX Graphics (DPC,SPQR)

(/data/data/com.termux/files/usr/share/texlive/2025/texmf-dist/tex/latex/graphi
cs/trig.sty
Package: trig 2023/12/02 v1.11 sin cos tan (DPC)
)
(/data/data/com.termux/files/usr/share/texlive/2025/texmf-dist/tex/latex/graphi
cs-cfg/graphics.cfg
File: graphics.cfg 2016/06/04 v1.11 sample graphics configuration
)
Package graphics Info: Driver file: pdftex.def on input line 106.

(/data/data/com.termux/files/usr/share/texlive/2025/texmf-dist/tex/latex/graphi
cs-def/pdftex.def
File: pdftex.def 2025/09/29 v1.2d Graphics/color driver for pdftex
))
\Gin@req@height=\dimen149
\Gin@req@width=\dimen150
)
(/data/data/com.termux/files/usr/share/texlive/2025/texmf-dist/tex/latex/geomet
ry/geometry.sty
Package: geometry 2020/01/02 v5.9 Page Geometry

(/data/data/com.termux/files/usr/share/texlive/2025/texmf-dist/tex/generic/ifte
x/ifvtex.sty
Package: ifvtex 2019/10/25 v1.7 ifvtex legacy package. Use iftex instead.

(/data/data/com.termux/files/usr/share/texlive/2025/texmf-dist/tex/generic/ifte
x/iftex.sty
Package: iftex 2024/12/12 v1.0g TeX engine tests
))
\Gm@cnth=\count283
\Gm@cntv=\count284
\c@Gm@tempcnt=\count285
\Gm@bindingoffset=\dimen151
\Gm@wd@mp=\dimen152
\Gm@odd@mp=\dimen153
\Gm@even@mp=\dimen154
\Gm@layoutwidth=\dimen155
\Gm@layoutheight=\dimen156
\Gm@layouthoffset=\dimen157
\Gm@layoutvoffset=\dimen158
\Gm@dimlist=\toks18
)
(/data/data/com.termux/files/usr/share/texlive/2025/texmf-dist/tex/latex/tools/
multicol.sty
Package: multicol 2025/10/21 v2.0b multicolumn formatting (FMi)
\c@tracingmulticols=\count286
\mult@box=\box53
\multicol@leftmargin=\dimen159
\c@unbalance=\count287
\c@collectmore=\count288
\doublecol@number=\count289
\multicoltolerance=\count290
\multicolpretolerance=\count291
\full@width=\dimen160
\page@free=\dimen161
\premulticols=\dimen162
\postmulticols=\dimen163
\multicolsep=\skip51
\multicolbaselineskip=\skip52
\partial@page=\box54
\last@line=\box55
\mc@boxedresult=\box56
\maxbalancingoverflow=\dimen164
\mult@rightbox=\box57
\mult@grightbox=\box58
\mult@firstbox=\box59
\mult@gfirstbox=\box60
\@tempa=\box61
\@tempa=\box62
\@tempa=\box63
\@tempa=\box64
\@tempa=\box65
\@tempa=\box66
\@tempa=\box67
\@tempa=\box68
\@tempa=\box69
\@tempa=\box70
\@tempa=\box71
\@tempa=\box72
\@tempa=\box73
\@tempa=\box74
\@tempa=\box75
\@tempa=\box76
\@tempa=\box77
\@tempa=\box78
\@tempa=\box79
\@tempa=\box80
\@tempa=\box81
\@tempa=\box82
\@tempa=\box83
\@tempa=\box84
\@tempa=\box85
\@tempa=\box86
\@tempa=\box87
\@tempa=\box88
\@tempa=\box89
\@tempa=\box90
\@tempa=\box91
\@tempa=\box92
\@tempa=\box93
\@tempa=\box94
\@tempa=\box95
\@tempa=\box96
\c@minrows=\count292
\c@columnbadness=\count293
\c@finalcolumnbadness=\count294
\last@try=\dimen165
\multicolovershoot=\dimen166
\multicolundershoot=\dimen167
\mult@nat@firstbox=\box97
\colbreak@box=\box98
\mc@col@check@num=\count295
\g__mc_curr_col_int=\count296
)
(/data/data/com.termux/files/usr/share/texlive/2025/texmf-dist/tex/latex/amsmat
h/amsmath.sty
Package: amsmath 2025/07/09 v2.17z AMS math features
\@mathmargin=\skip53

For additional information on amsmath, use the `?' option.

(/data/data/com.termux/files/usr/share/texlive/2025/texmf-dist/tex/latex/amsmat
h/amstext.sty
Package: amstext 2024/11/17 v2.01 AMS text

(/data/data/com.termux/files/usr/share/texlive/2025/texmf-dist/tex/latex/amsmat
h/amsgen.sty
File: amsgen.sty 1999/11/30 v2.0 generic functions
\@emptytoks=\toks19
\ex@=\dimen168
))
(/data/data/com.termux/files/usr/share/texlive/2025/texmf-dist/tex/latex/amsmat
h/amsbsy.sty
Package: amsbsy 1999/11/29 v1.2d Bold Symbols
\pmbraise@=\dimen169
)
(/data/data/com.termux/files/usr/share/texlive/2025/texmf-dist/tex/latex/amsmat
h/amsopn.sty
Package: amsopn 2022/04/08 v2.04 operator names
)
\inf@bad=\count297
LaTeX Info: Redefining \frac on input line 233.
\uproot@=\count298
\leftroot@=\count299
LaTeX Info: Redefining \overline on input line 398.
LaTeX Info: Redefining \colon on input line 409.
\classnum@=\count300
\DOTSCASE@=\count301
LaTeX Info: Redefining \ldots on input line 495.
LaTeX Info: Redefining \dots on input line 498.
LaTeX Info: Redefining \cdots on input line 619.
\Mathstrutbox@=\box99
\strutbox@=\box100
LaTeX Info: Redefining \big on input line 721.
LaTeX Info: Redefining \Big on input line 722.
LaTeX Info: Redefining \bigg on input line 723.
LaTeX Info: Redefining \Bigg on input line 724.
\big@size=\dimen170
LaTeX Font Info:    Redeclaring font encoding OML on input line 742.
LaTeX Font Info:    Redeclaring font encoding OMS on input line 743.
\macc@depth=\count302
LaTeX Info: Redefining \bmod on input line 904.
LaTeX Info: Redefining \pmod on input line 909.
LaTeX Info: Redefining \smash on input line 939.
LaTeX Info: Redefining \relbar on input line 969.
LaTeX Info: Redefining \Relbar on input line 970.
\c@MaxMatrixCols=\count303
\dotsspace@=\muskip17
\c@parentequation=\count304
\dspbrk@lvl=\count305
\tag@help=\toks20
\row@=\count306
\column@=\count307
\maxfields@=\count308
\andhelp@=\toks21
\eqnshift@=\dimen171
\alignsep@=\dimen172
\tagshift@=\dimen173
\tagwidth@=\dimen174
\totwidth@=\dimen175
\lineht@=\dimen176
\@envbody=\toks22
\multlinegap=\skip54
\multlinetaggap=\skip55
\mathdisplay@stack=\toks23
LaTeX Info: Redefining \[ on input line 2950.
LaTeX Info: Redefining \] on input line 2951.
)
(/data/data/com.termux/files/usr/share/texlive/2025/texmf-dist/tex/latex/l3back
end/l3backend-pdftex.def
File: l3backend-pdftex.def 2025-10-09 L3 backend support: PDF output (pdfTeX)
\l__color_backend_stack_int=\count309
)
No file main.aux.
\openout1 = `main.aux'.

LaTeX Font Info:    Checking defaults for OML/cmm/m/it on input line 12.
LaTeX Font Info:    ... okay on input line 12.
LaTeX Font Info:    Checking defaults for OMS/cmsy/m/n on input line 12.
LaTeX Font Info:    ... okay on input line 12.
LaTeX Font Info:    Checking defaults for OT1/cmr/m/n on input line 12.
LaTeX Font Info:    ... okay on input line 12.
LaTeX Font Info:    Checking defaults for T1/cmr/m/n on input line 12.
LaTeX Font Info:    ... okay on input line 12.
LaTeX Font Info:    Checking defaults for TS1/cmr/m/n on input line 12.
LaTeX Font Info:    ... okay on input line 12.
LaTeX Font Info:    Checking defaults for OMX/cmex/m/n on input line 12.
LaTeX Font Info:    ... okay on input line 12.
LaTeX Font Info:    Checking defaults for U/cmr/m/n on input line 12.
LaTeX Font Info:    ... okay on input line 12.

(/data/data/com.termux/files/usr/share/texlive/2025/texmf-dist/tex/context/base
/mkii/supp-pdf.mkii
[Loading MPS to PDF converter (version 2006.09.02).]
\scratchcounter=\count310
\scratchdimen=\dimen177
\scratchbox=\box101
\nofMPsegments=\count311
\nofMParguments=\count312
\everyMPshowfont=\toks24
\MPscratchCnt=\count313
\MPscratchDim=\dimen178
\MPnumerator=\count314
\makeMPintoPDFobject=\count315
\everyMPtoPDFconversion=\toks25
)
(/data/data/com.termux/files/usr/share/texlive/2025/texmf-dist/tex/latex/epstop
df-pkg/epstopdf-base.sty
Package: epstopdf-base 2020-01-24 v2.11 Base part for package epstopdf

(/data/data/com.termux/files/usr/share/texlive/2025/texmf-dist/tex/generic/infw
arerr/infwarerr.sty
Package: infwarerr 2019/12/03 v1.5 Providing info/warning/error messages (HO)
)
(/data/data/com.termux/files/usr/share/texlive/2025/texmf-dist/tex/latex/grfext
/grfext.sty
Package: grfext 2019/12/03 v1.3 Manage graphics extensions (HO)

(/data/data/com.termux/files/usr/share/texlive/2025/texmf-dist/tex/generic/kvde
finekeys/kvdefinekeys.sty
Package: kvdefinekeys 2019-12-19 v1.6 Define keys (HO)
))
(/data/data/com.termux/files/usr/share/texlive/2025/texmf-dist/tex/latex/kvopti
ons/kvoptions.sty
Package: kvoptions 2022-06-15 v3.15 Key value format for package options (HO)

(/data/data/com.termux/files/usr/share/texlive/2025/texmf-dist/tex/generic/ltxc
mds/ltxcmds.sty
Package: ltxcmds 2023-12-04 v1.26 LaTeX kernel commands for general use (HO)
)
(/data/data/com.termux/files/usr/share/texlive/2025/texmf-dist/tex/latex/kvsetk
eys/kvsetkeys.sty
Package: kvsetkeys 2022-10-05 v1.19 Key value parser (HO)
))
(/data/data/com.termux/files/usr/share/texlive/2025/texmf-dist/tex/generic/pdft
excmds/pdftexcmds.sty
Package: pdftexcmds 2020-06-27 v0.33 Utility functions of pdfTeX for LuaTeX (HO
)
Package pdftexcmds Info: \pdf@primitive is available.
Package pdftexcmds Info: \pdf@ifprimitive is available.
Package pdftexcmds Info: \pdfdraftmode found.
)
Package epstopdf-base Info: Redefining graphics rule for `.eps' on input line 4
85.
Package grfext Info: Graphics extension search list:
(grfext)             [.pdf,.png,.jpg,.mps,.jpeg,.jbig2,.jb2,.PDF,.PNG,.JPG,.JPE
G,.JBIG2,.JB2,.eps]
(grfext)             \AppendGraphicsExtensions on input line 504.

(/data/data/com.termux/files/usr/share/texlive/2025/texmf-dist/tex/latex/latexc
onfig/epstopdf-sys.cfg
File: epstopdf-sys.cfg 2010/07/13 v1.3 Configuration of (r)epstopdf for TeX Liv
e
))
*geometry* driver: auto-detecting
*geometry* detected driver: pdftex
*geometry* verbose mode - [ preamble ] result:
* driver: pdftex
* paper: a4paper
* layout: <same size as paper>
* layoutoffset:(h,v)=(0.0pt,0.0pt)
* modes: 
* h-part:(L,W,R)=(34.14322pt, 529.22144pt, 34.14322pt)
* v-part:(T,H,B)=(34.14322pt, 776.7604pt, 34.14322pt)
* \paperwidth=597.50787pt
* \paperheight=845.04684pt
* \textwidth=529.22144pt
* \textheight=776.7604pt
* \oddsidemargin=-38.12677pt
* \evensidemargin=-38.12677pt
* \topmargin=-75.12677pt
* \headheight=12.0pt
* \headsep=25.0pt
* \topskip=10.0pt
* \footskip=30.0pt
* \marginparwidth=57.0pt
* \marginparsep=11.0pt
* \columnsep=22.76228pt
* \skip\footins=9.0pt plus 4.0pt minus 2.0pt
* \hoffset=0.0pt
* \voffset=0.0pt
* \mag=1000
* \@twocolumnfalse
* \@twosidefalse
* \@mparswitchfalse
* \@reversemarginfalse
* (1in=72.27pt=25.4mm, 1cm=28.453pt)

<iiitb_comet_logo.jpg, id=1, 745.78625pt x 470.75874pt>
File: iiitb_comet_logo.jpg Graphic file (type jpg)
<use iiitb_comet_logo.jpg>
Package pdftex.def Info: iiitb_comet_logo.jpg  used on input line 15.
(pdftex.def)             Requested size: 170.71652pt x 107.75504pt.
[1

{/data/data/com.termux/files/usr/share/texlive/2025/texmf-var/fonts/map/pdftex/
updmap/pdftex.map} <./iiitb_comet_logo.jpg>] (./main.aux)
 ***********
LaTeX2e <2025-11-01>
L3 programming layer <2026-01-19>
 ***********
 ) 
Here is how much of TeX's memory you used:
 3202 strings out of 467533
 53181 string characters out of 5405421
 483859 words of memory out of 5000000
 32101 multiletter control sequences out of 15000+600000
 628175 words of font info for 42 fonts, out of 8000000 for 9000
 1141 hyphenation exceptions out of 8191
 59i,5n,67p,202b,200s stack positions out of 10000i,1000n,20000p,200000b,200000s
</data/data/com.termux/files/usr/share/texlive/2025/texmf-dist/fonts/type1/pu
blic/amsfonts/cm/cmmi10.pfb></data/data/com.termux/files/usr/share/texlive/2025
/texmf-dist/fonts/type1/public/amsfonts/cm/cmr10.pfb></data/data/com.termux/fil
es/usr/share/texlive/2025/texmf-dist/fonts/type1/public/amsfonts/cm/cmr7.pfb></
data/data/com.termux/files/usr/share/texlive/2025/texmf-dist/fonts/type1/public
/amsfonts/cm/cmsy10.pfb></data/data/com.termux/files/usr/share/texlive/2025/tex
mf-dist/fonts/type1/public/amsfonts/cm/cmsy7.pfb>
Output written on main.pdf (1 page, 88531 bytes).
PDF statistics:
 34 PDF objects out of 1000 (max. 8388607)
 19 compressed objects within 1 object stream
 0 named destinations out of 1000 (max. 500000)
 6 words of extra memory for PDF output out of 10000 (max. 10000000)

